0 info it worked if it ends with ok
1 verbose cli [ 'node', '/usr/local/bin/npm', 'version', 'patch' ]
2 info using npm@2.11.2
3 info using node@v0.10.25
4 verbose node symlink /usr/bin/node
5 error version No valid package.json found
6 verbose type unexpected_token_string
7 verbose stack SyntaxError: Unexpected string
7 verbose stack     at Object.parse (native)
7 verbose stack     at /usr/local/lib/node_modules/npm/lib/version.js:32:19
7 verbose stack     at evalmachine.<anonymous>:268:14
7 verbose stack     at /usr/local/lib/node_modules/npm/node_modules/graceful-fs/graceful-fs.js:102:5
7 verbose stack     at Object.oncomplete (evalmachine.<anonymous>:107:15)
8 verbose cwd /home/nzonbi/source/node/combination_gen
9 error Linux 3.13.0-24-generic
10 error argv "node" "/usr/local/bin/npm" "version" "patch"
11 error node v0.10.25
12 error npm  v2.11.2
13 error Unexpected string
14 error If you need help, you may report this error at:
14 error     <https://github.com/npm/npm/issues>
15 verbose exit [ 1, true ]
